<?xml version="1.0" encoding="UTF-8"?>
<testng-results skipped="0" failed="0" ignored="0" total="1" passed="1">
  <reporter-output>
  </reporter-output>
  <suite name="Default suite" duration-ms="22177" started-at="2018-06-22T05:47:49Z" finished-at="2018-06-22T05:48:11Z">
    <groups>
    </groups>
    <test name="Default test" duration-ms="22177" started-at="2018-06-22T05:47:49Z" finished-at="2018-06-22T05:48:11Z">
      <class name="com.ias.tests.LoginTest">
        <test-method status="PASS" signature="initiateDriverInstance()[pri:0, instance:com.ias.tests.LoginTest@14bf9759]" name="initiateDriverInstance" is-config="true" duration-ms="15540" started-at="2018-06-22T05:47:49Z" finished-at="2018-06-22T05:48:04Z">
          <reporter-output>
          </reporter-output>
        </test-method> <!-- initiateDriverInstance -->
        <test-method status="PASS" signature="testingLoginFunctionality()[pri:0, instance:com.ias.tests.LoginTest@14bf9759]" name="testingLoginFunctionality" duration-ms="6593" started-at="2018-06-22T05:48:04Z" finished-at="2018-06-22T05:48:11Z">
          <reporter-output>
          </reporter-output>
        </test-method> <!-- testingLoginFunctionality -->
        <test-method status="PASS" signature="closeDriverInstance()[pri:0, instance:com.ias.tests.LoginTest@14bf9759]" name="closeDriverInstance" is-config="true" duration-ms="0" started-at="2018-06-22T05:48:11Z" finished-at="2018-06-22T05:48:11Z">
          <reporter-output>
          </reporter-output>
        </test-method> <!-- closeDriverInstance -->
      </class> <!-- com.ias.tests.LoginTest -->
    </test> <!-- Default test -->
  </suite> <!-- Default suite -->
</testng-results>
